\BOOKMARK [1][-]{chapter*.1}{Rechtliche Erkl\344rung}{}% 1
\BOOKMARK [1][-]{chapter*.4}{Nomenclature}{}% 2
\BOOKMARK [1][-]{chapter*.5}{Kurzfassung}{}% 3
\BOOKMARK [0][-]{chapter.1}{Einleitung}{}% 4
\BOOKMARK [1][-]{section.1.1}{Motivation}{chapter.1}% 5
\BOOKMARK [1][-]{section.1.2}{Aufgabenstellung}{chapter.1}% 6
\BOOKMARK [1][-]{section.1.3}{Aufbau der Arbeit}{chapter.1}% 7
\BOOKMARK [0][-]{chapter.2}{Grundlagen und Stand der Technik}{}% 8
\BOOKMARK [1][-]{section.2.1}{Motivation}{chapter.2}% 9
\BOOKMARK [1][-]{section.2.2}{Stand der Technik}{chapter.2}% 10
\BOOKMARK [0][-]{chapter.3}{Umsetzung}{}% 11
\BOOKMARK [1][-]{section.3.1}{Motivation}{chapter.3}% 12
\BOOKMARK [0][-]{chapter.4}{Bewertung der Ergebnisse}{}% 13
\BOOKMARK [1][-]{section.4.1}{Motivation}{chapter.4}% 14
\BOOKMARK [1][-]{section.4.2}{Systemperformanz}{chapter.4}% 15
\BOOKMARK [0][-]{chapter.5}{Zusammenfassung und Ausblick}{}% 16
\BOOKMARK [0][-]{appendix.A}{Anhang}{}% 17
\BOOKMARK [1][-]{section.A.1}{Weiterf\374hrende Erl\344uterungen}{appendix.A}% 18
\BOOKMARK [1][-]{section.A.2}{Formalien}{appendix.A}% 19
\BOOKMARK [1][-]{section.A.3}{Messdaten}{appendix.A}% 20
